Started POST "/api/v1/students" for 127.0.0.1 at 2018-06-10 15:04:44 -0300
  [1m[35m (0.6ms)[0m  [1m[34mSELECT "schema_migrations"."version" FROM "schema_migrations" ORDER BY "schema_migrations"."version" ASC[0m
Processing by Api::V1::StudentsController#create as HTML
  Parameters: {"utf8"=>"✓", "authenticity_token"=>"WhZ23r0I5CBt396ISqBowBCJvCPn5br68HZuLY9EAP2LjDMxglTkOZUu5pUVIvN+zmXHL24LCzdqHaxzcSyCvg==", "student"=>{"name"=>"vinicius lima", "classroom_id"=>"BCOAIXQL"}, "commit"=>"GERAR CÓDIGO"}
  [1m[36mClassroom Load (0.4ms)[0m  [1m[34mSELECT  "classrooms".* FROM "classrooms" WHERE "classrooms"."code" = $1 LIMIT $2[0m  [["code", "BCOAIXQL"], ["LIMIT", 1]]
  [1m[36mCACHE Classroom Load (0.0ms)[0m  [1m[34mSELECT  "classrooms".* FROM "classrooms" WHERE "classrooms"."code" = $1 LIMIT $2[0m  [["code", "BCOAIXQL"], ["LIMIT", 1]]
Unpermitted parameter: :classroom_id
  [1m[35m (0.2ms)[0m  [1m[35mBEGIN[0m
  [1m[35mSQL (0.9ms)[0m  [1m[32mINSERT INTO "students" ("name", "classroom_id") VALUES ($1, $2) RETURNING "id"[0m  [["name", "vinicius lima"], ["classroom_id", 7]]
  [1m[35m (26.8ms)[0m  [1m[35mCOMMIT[0m
  [1m[36mExam Load (0.3ms)[0m  [1m[34mSELECT  "exams".* FROM "exams" WHERE "exams"."student_id" = $1 LIMIT $2[0m  [["student_id", 7], ["LIMIT", 1]]
  [1m[35m (0.1ms)[0m  [1m[35mBEGIN[0m
  [1m[35mSQL (1.0ms)[0m  [1m[32mINSERT INTO "exams" ("student_id") VALUES ($1) RETURNING "id"[0m  [["student_id", 7]]
  [1m[35m (2.9ms)[0m  [1m[35mCOMMIT[0m
[active_model_serializers]   [1m[36mExamQuestion Load (0.7ms)[0m  [1m[34mSELECT "exam_questions".* FROM "exam_questions" WHERE "exam_questions"."student_id" = $1[0m  [["student_id", 5]]
[active_model_serializers] Rendered StudentSerializer with ActiveModelSerializers::Adapter::Attributes (5.43ms)
Completed 500 Internal Server Error in 15888ms (ActiveRecord: 44.6ms)


  
ActiveRecord::StatementInvalid (PG::UndefinedColumn: ERROR:  column exam_questions.student_id does not exist
LINE 1: ...CT "exam_questions".* FROM "exam_questions" WHERE "exam_ques...
                                                             ^
: SELECT "exam_questions".* FROM "exam_questions" WHERE "exam_questions"."student_id" = $1):
  
app/serializers/student_serializer.rb:51:in `collect'
app/serializers/student_serializer.rb:51:in `exam_answers'
app/serializers/student_serializer.rb:15:in `student_answers'
app/controllers/api/v1/students_controller.rb:19:in `create'
Started POST "/api/v1/students" for 127.0.0.1 at 2018-06-10 15:05:12 -0300
Processing by Api::V1::StudentsController#create as HTML
  Parameters: {"utf8"=>"✓", "authenticity_token"=>"WhZ23r0I5CBt396ISqBowBCJvCPn5br68HZuLY9EAP2LjDMxglTkOZUu5pUVIvN+zmXHL24LCzdqHaxzcSyCvg==", "student"=>{"name"=>"vinicius lima", "classroom_id"=>"BCOAIXQL"}, "commit"=>"GERAR CÓDIGO"}
  [1m[36mClassroom Load (0.3ms)[0m  [1m[34mSELECT  "classrooms".* FROM "classrooms" WHERE "classrooms"."code" = $1 LIMIT $2[0m  [["code", "BCOAIXQL"], ["LIMIT", 1]]
Unpermitted parameter: :classroom_id
  [1m[35m (0.2ms)[0m  [1m[35mBEGIN[0m
  [1m[35mSQL (0.4ms)[0m  [1m[32mINSERT INTO "students" ("name", "classroom_id") VALUES ($1, $2) RETURNING "id"[0m  [["name", "vinicius lima"], ["classroom_id", 7]]
  [1m[35m (23.1ms)[0m  [1m[35mCOMMIT[0m
  [1m[36mExam Load (0.3ms)[0m  [1m[34mSELECT  "exams".* FROM "exams" WHERE "exams"."student_id" = $1 LIMIT $2[0m  [["student_id", 8], ["LIMIT", 1]]
  [1m[35m (0.1ms)[0m  [1m[35mBEGIN[0m
  [1m[35mSQL (0.3ms)[0m  [1m[32mINSERT INTO "exams" ("student_id") VALUES ($1) RETURNING "id"[0m  [["student_id", 8]]
  [1m[35m (12.3ms)[0m  [1m[35mCOMMIT[0m
[active_model_serializers]   [1m[36mExamQuestion Load (0.8ms)[0m  [1m[34mSELECT "exam_questions".* FROM "exam_questions" WHERE "exam_questions"."student_id" = $1[0m  [["student_id", 6]]
[active_model_serializers] Rendered StudentSerializer with ActiveModelSerializers::Adapter::Attributes (6.14ms)
Completed 500 Internal Server Error in 90ms (ActiveRecord: 49.5ms)


  
ActiveRecord::StatementInvalid (PG::UndefinedColumn: ERROR:  column exam_questions.student_id does not exist
LINE 1: ...CT "exam_questions".* FROM "exam_questions" WHERE "exam_ques...
                                                             ^
: SELECT "exam_questions".* FROM "exam_questions" WHERE "exam_questions"."student_id" = $1):
  
app/serializers/student_serializer.rb:51:in `collect'
app/serializers/student_serializer.rb:51:in `exam_answers'
app/serializers/student_serializer.rb:15:in `student_answers'
app/controllers/api/v1/students_controller.rb:19:in `create'
Started POST "/api/v1/students" for 127.0.0.1 at 2018-06-10 15:06:07 -0300
Processing by Api::V1::StudentsController#create as HTML
  Parameters: {"utf8"=>"✓", "authenticity_token"=>"WhZ23r0I5CBt396ISqBowBCJvCPn5br68HZuLY9EAP2LjDMxglTkOZUu5pUVIvN+zmXHL24LCzdqHaxzcSyCvg==", "student"=>{"name"=>"vinicius lima", "classroom_id"=>"BCOAIXQL"}, "commit"=>"GERAR CÓDIGO"}
  [1m[36mClassroom Load (0.3ms)[0m  [1m[34mSELECT  "classrooms".* FROM "classrooms" WHERE "classrooms"."code" = $1 LIMIT $2[0m  [["code", "BCOAIXQL"], ["LIMIT", 1]]
Unpermitted parameter: :classroom_id
  [1m[35m (0.2ms)[0m  [1m[35mBEGIN[0m
  [1m[35mSQL (0.4ms)[0m  [1m[32mINSERT INTO "students" ("name", "classroom_id") VALUES ($1, $2) RETURNING "id"[0m  [["name", "vinicius lima"], ["classroom_id", 7]]
  [1m[35m (20.8ms)[0m  [1m[35mCOMMIT[0m
  [1m[36mExam Load (0.4ms)[0m  [1m[34mSELECT  "exams".* FROM "exams" WHERE "exams"."student_id" = $1 LIMIT $2[0m  [["student_id", 9], ["LIMIT", 1]]
  [1m[35m (0.2ms)[0m  [1m[35mBEGIN[0m
  [1m[35mSQL (0.4ms)[0m  [1m[32mINSERT INTO "exams" ("student_id") VALUES ($1) RETURNING "id"[0m  [["student_id", 9]]
  [1m[35m (7.1ms)[0m  [1m[35mCOMMIT[0m
[active_model_serializers]   [1m[36mExamQuestion Load (1.2ms)[0m  [1m[34mSELECT "exam_questions".* FROM "exam_questions" WHERE "exam_questions"."student_id" = $1[0m  [["student_id", 7]]
[active_model_serializers] Rendered StudentSerializer with ActiveModelSerializers::Adapter::Attributes (7.52ms)
Completed 500 Internal Server Error in 5560ms (ActiveRecord: 31.1ms)


  
ActiveRecord::StatementInvalid (PG::UndefinedColumn: ERROR:  column exam_questions.student_id does not exist
LINE 1: ...CT "exam_questions".* FROM "exam_questions" WHERE "exam_ques...
                                                             ^
: SELECT "exam_questions".* FROM "exam_questions" WHERE "exam_questions"."student_id" = $1):
  
app/serializers/student_serializer.rb:51:in `collect'
app/serializers/student_serializer.rb:51:in `exam_answers'
app/serializers/student_serializer.rb:15:in `student_answers'
app/controllers/api/v1/students_controller.rb:21:in `create'
Started POST "/api/v1/students" for 127.0.0.1 at 2018-06-10 15:09:33 -0300
Processing by Api::V1::StudentsController#create as HTML
  Parameters: {"utf8"=>"✓", "authenticity_token"=>"WhZ23r0I5CBt396ISqBowBCJvCPn5br68HZuLY9EAP2LjDMxglTkOZUu5pUVIvN+zmXHL24LCzdqHaxzcSyCvg==", "student"=>{"name"=>"vinicius lima", "classroom_id"=>"BCOAIXQL"}, "commit"=>"GERAR CÓDIGO"}
  [1m[36mClassroom Load (0.3ms)[0m  [1m[34mSELECT  "classrooms".* FROM "classrooms" WHERE "classrooms"."code" = $1 LIMIT $2[0m  [["code", "BCOAIXQL"], ["LIMIT", 1]]
Unpermitted parameter: :classroom_id
  [1m[35m (0.2ms)[0m  [1m[35mBEGIN[0m
  [1m[35mSQL (0.5ms)[0m  [1m[32mINSERT INTO "students" ("name", "classroom_id") VALUES ($1, $2) RETURNING "id"[0m  [["name", "vinicius lima"], ["classroom_id", 7]]
  [1m[35m (18.2ms)[0m  [1m[35mCOMMIT[0m
  [1m[36mExam Load (0.3ms)[0m  [1m[34mSELECT  "exams".* FROM "exams" WHERE "exams"."student_id" = $1 LIMIT $2[0m  [["student_id", 10], ["LIMIT", 1]]
  [1m[35m (0.2ms)[0m  [1m[35mBEGIN[0m
  [1m[35mSQL (0.5ms)[0m  [1m[32mINSERT INTO "exams" ("student_id") VALUES ($1) RETURNING "id"[0m  [["student_id", 10]]
  [1m[35m (5.4ms)[0m  [1m[35mCOMMIT[0m
Redirected to http://localhost:3000/student/10/questions-1
Completed 302 Found in 63ms (ActiveRecord: 25.6ms)


Started GET "/student/10/questions-1" for 127.0.0.1 at 2018-06-10 15:09:34 -0300
Processing by QuestionsController#one as HTML
  Parameters: {"student_id"=>"10"}
  Rendering questions/one.html.erb within layouts/application
  Rendered questions/one.html.erb within layouts/application (986.9ms)
  Rendered layouts/_header.html.erb (1.2ms)
  Rendered layouts/_footer.html.erb (0.3ms)
Completed 200 OK in 1005ms (Views: 1003.7ms | ActiveRecord: 0.0ms)


Started GET "/?username=12&password=[FILTERED]&submitbutton=ACESSAR" for 127.0.0.1 at 2018-06-10 15:09:45 -0300
Processing by LoginController#index as HTML
  Parameters: {"username"=>"12", "password"=>"[FILTERED]", "submitbutton"=>"ACESSAR"}
  Rendering login/index.html.erb within layouts/application
  Rendered login/index.html.erb within layouts/application (7.9ms)
  Rendered layouts/_header.html.erb (1.5ms)
  Rendered layouts/_footer.html.erb (0.4ms)
Completed 200 OK in 25ms (Views: 23.0ms | ActiveRecord: 0.0ms)


Started POST "/api/v1/students" for 127.0.0.1 at 2018-06-10 15:09:49 -0300
Processing by Api::V1::StudentsController#create as HTML
  Parameters: {"utf8"=>"✓", "authenticity_token"=>"wV1czpSvzADjSlDaRDw5GLv5RTucbWjvXurffpZPRDYQxxkhq/PMGRu7aMcbvqKmZRU+NxWD2SLEgR0gaCfGdQ==", "student"=>{"name"=>"123", "classroom_id"=>"1231231312312321"}, "commit"=>"GERAR CÓDIGO"}
  [1m[36mClassroom Load (1.1ms)[0m  [1m[34mSELECT  "classrooms".* FROM "classrooms" WHERE "classrooms"."code" = $1 LIMIT $2[0m  [["code", "1231231312312321"], ["LIMIT", 1]]
Completed 500 Internal Server Error in 3ms (ActiveRecord: 1.1ms)


  
NoMethodError (undefined method `students' for nil:NilClass):
  
app/controllers/api/v1/students_controller.rb:16:in `create'
Started POST "/api/v1/students" for 127.0.0.1 at 2018-06-10 15:10:21 -0300
  
SyntaxError (/home/vinicius/Projects/daltoon/app/controllers/api/v1/students_controller.rb:16: syntax error, unexpected '.'
        @student = @classroom&.students.new(student_params)
                               ^):
  
app/controllers/api/v1/students_controller.rb:16: syntax error, unexpected '.'
Started POST "/api/v1/students" for 127.0.0.1 at 2018-06-10 15:10:33 -0300
Processing by Api::V1::StudentsController#create as HTML
  Parameters: {"utf8"=>"✓", "authenticity_token"=>"wV1czpSvzADjSlDaRDw5GLv5RTucbWjvXurffpZPRDYQxxkhq/PMGRu7aMcbvqKmZRU+NxWD2SLEgR0gaCfGdQ==", "student"=>{"name"=>"123", "classroom_id"=>"1231231312312321"}, "commit"=>"GERAR CÓDIGO"}
  [1m[36mClassroom Load (0.3ms)[0m  [1m[34mSELECT  "classrooms".* FROM "classrooms" WHERE "classrooms"."code" = $1 LIMIT $2[0m  [["code", "1231231312312321"], ["LIMIT", 1]]
Completed 500 Internal Server Error in 9ms (ActiveRecord: 2.1ms)


  
NoMethodError (undefined method `save' for nil:NilClass):
  
app/controllers/api/v1/students_controller.rb:18:in `create'
Started POST "/api/v1/students" for 127.0.0.1 at 2018-06-10 15:10:45 -0300
Processing by Api::V1::StudentsController#create as HTML
  Parameters: {"utf8"=>"✓", "authenticity_token"=>"wV1czpSvzADjSlDaRDw5GLv5RTucbWjvXurffpZPRDYQxxkhq/PMGRu7aMcbvqKmZRU+NxWD2SLEgR0gaCfGdQ==", "student"=>{"name"=>"123", "classroom_id"=>"1231231312312321"}, "commit"=>"GERAR CÓDIGO"}
  [1m[36mClassroom Load (0.5ms)[0m  [1m[34mSELECT  "classrooms".* FROM "classrooms" WHERE "classrooms"."code" = $1 LIMIT $2[0m  [["code", "1231231312312321"], ["LIMIT", 1]]
Completed 500 Internal Server Error in 7ms (ActiveRecord: 0.5ms)


  
NoMethodError (undefined method `presnt?' for nil:NilClass):
  
app/controllers/api/v1/students_controller.rb:18:in `create'
Started POST "/api/v1/students" for 127.0.0.1 at 2018-06-10 15:10:52 -0300
Processing by Api::V1::StudentsController#create as HTML
  Parameters: {"utf8"=>"✓", "authenticity_token"=>"wV1czpSvzADjSlDaRDw5GLv5RTucbWjvXurffpZPRDYQxxkhq/PMGRu7aMcbvqKmZRU+NxWD2SLEgR0gaCfGdQ==", "student"=>{"name"=>"123", "classroom_id"=>"1231231312312321"}, "commit"=>"GERAR CÓDIGO"}
  [1m[36mClassroom Load (0.3ms)[0m  [1m[34mSELECT  "classrooms".* FROM "classrooms" WHERE "classrooms"."code" = $1 LIMIT $2[0m  [["code", "1231231312312321"], ["LIMIT", 1]]
Redirected to 
Completed 500 Internal Server Error in 224ms (ActiveRecord: 0.3ms)


  
NoMethodError (undefined method `back_url' for #<Api::V1::StudentsController:0x007f7579a7e798>):
  
app/controllers/api/v1/students_controller.rb:21:in `create'
Started POST "/api/v1/students" for 127.0.0.1 at 2018-06-10 15:11:13 -0300
Processing by Api::V1::StudentsController#create as HTML
  Parameters: {"utf8"=>"✓", "authenticity_token"=>"wV1czpSvzADjSlDaRDw5GLv5RTucbWjvXurffpZPRDYQxxkhq/PMGRu7aMcbvqKmZRU+NxWD2SLEgR0gaCfGdQ==", "student"=>{"name"=>"123", "classroom_id"=>"1231231312312321"}, "commit"=>"GERAR CÓDIGO"}
  [1m[36mClassroom Load (0.3ms)[0m  [1m[34mSELECT  "classrooms".* FROM "classrooms" WHERE "classrooms"."code" = $1 LIMIT $2[0m  [["code", "1231231312312321"], ["LIMIT", 1]]
Redirected to http://localhost:3000/
Completed 302 Found in 7ms (ActiveRecord: 0.3ms)


Started GET "/" for 127.0.0.1 at 2018-06-10 15:11:13 -0300
Processing by LoginController#index as HTML
  Rendering login/index.html.erb within layouts/application
  Rendered login/index.html.erb within layouts/application (4.0ms)
  Rendered layouts/_header.html.erb (1.0ms)
  Rendered layouts/_footer.html.erb (0.4ms)
Completed 200 OK in 33ms (Views: 22.1ms | ActiveRecord: 3.8ms)


Started GET "/" for 127.0.0.1 at 2018-06-10 15:11:25 -0300
Processing by LoginController#index as HTML
  Rendering login/index.html.erb within layouts/application
  Rendered login/index.html.erb within layouts/application (4.7ms)
  Rendered layouts/_header.html.erb (0.8ms)
  Rendered layouts/_footer.html.erb (0.3ms)
Completed 200 OK in 27ms (Views: 18.6ms | ActiveRecord: 2.7ms)


